[1209/101118.530:ERROR:directory_reader_win.cc(43)] FindFirstFile: t参тぃ飓w焊舢|C (0x3)
[1209/112122.054:ERROR:directory_reader_win.cc(43)] FindFirstFile: t参тぃ飓w焊舢|C (0x3)
[1209/115832.842:ERROR:directory_reader_win.cc(43)] FindFirstFile: t参тぃ飓w焊舢|C (0x3)
[1210/115938.776:ERROR:directory_reader_win.cc(43)] FindFirstFile: t参тぃ飓w焊舢|C (0x3)
[1210/143721.254:ERROR:directory_reader_win.cc(43)] FindFirstFile: t参тぃ飓w焊舢|C (0x3)
[1210/145935.020:ERROR:directory_reader_win.cc(43)] FindFirstFile: t参тぃ飓w焊舢|C (0x3)
[1210/154756.033:ERROR:directory_reader_win.cc(43)] FindFirstFile: t参тぃ飓w焊舢|C (0x3)
[1210/160746.872:ERROR:directory_reader_win.cc(43)] FindFirstFile: t参тぃ飓w焊舢|C (0x3)
[1210/162720.678:ERROR:directory_reader_win.cc(43)] FindFirstFile: t参тぃ飓w焊舢|C (0x3)
[1211/103045.907:ERROR:directory_reader_win.cc(43)] FindFirstFile: t参тぃ飓w焊舢|C (0x3)
[1211/104115.804:ERROR:directory_reader_win.cc(43)] FindFirstFile: t参тぃ飓w焊舢|C (0x3)
[1211/110732.281:ERROR:directory_reader_win.cc(43)] FindFirstFile: t参тぃ飓w焊舢|C (0x3)
[1211/115655.366:ERROR:directory_reader_win.cc(43)] FindFirstFile: t参тぃ飓w焊舢|C (0x3)
[1211/144900.453:ERROR:directory_reader_win.cc(43)] FindFirstFile: t参тぃ飓w焊舢|C (0x3)
[1211/150218.780:ERROR:directory_reader_win.cc(43)] FindFirstFile: t参тぃ飓w焊舢|C (0x3)
[1211/155119.489:ERROR:directory_reader_win.cc(43)] FindFirstFile: t参тぃ飓w焊舢|C (0x3)
[1211/162800.308:ERROR:directory_reader_win.cc(43)] FindFirstFile: t参тぃ飓w焊舢|C (0x3)
[1211/165417.558:ERROR:directory_reader_win.cc(43)] FindFirstFile: t参тぃ飓w焊舢|C (0x3)
[1211/165955.407:ERROR:process_info.cc(329)] VirtualQueryEx: sQ┶C (0x5)
[1211/165955.407:ERROR:process_info.cc(556)] ReadMemoryInfo failed
[1211/165955.408:ERROR:process_memory_win.cc(39)] Failed to initialize ProcessInfo.
[1211/165955.408:ERROR:scoped_process_suspend.cc(40)] NtResumeProcess: 沽刚s{Τ撼Bz{恰C (0xc000010a)
[1211/181518.860:ERROR:directory_reader_win.cc(43)] FindFirstFile: t参тぃ飓w焊舢|C (0x3)
[1214/122139.319:ERROR:directory_reader_win.cc(43)] FindFirstFile: t参тぃ飓w焊舢|C (0x3)
[1214/143816.919:ERROR:directory_reader_win.cc(43)] FindFirstFile: t参тぃ飓w焊舢|C (0x3)
[1214/152508.533:ERROR:directory_reader_win.cc(43)] FindFirstFile: t参тぃ飓w焊舢|C (0x3)
[1214/164914.562:ERROR:directory_reader_win.cc(43)] FindFirstFile: t参тぃ飓w焊舢|C (0x3)
[1214/171543.330:ERROR:directory_reader_win.cc(43)] FindFirstFile: t参тぃ飓w焊舢|C (0x3)
[1214/180000.801:ERROR:directory_reader_win.cc(43)] FindFirstFile: t参тぃ飓w焊舢|C (0x3)
[1215/103948.575:ERROR:directory_reader_win.cc(43)] FindFirstFile: t参тぃ飓w焊舢|C (0x3)
[1215/105606.944:ERROR:directory_reader_win.cc(43)] FindFirstFile: t参тぃ飓w焊舢|C (0x3)
[1215/110736.563:ERROR:directory_reader_win.cc(43)] FindFirstFile: t参тぃ飓w焊舢|C (0x3)
[1215/112946.018:ERROR:directory_reader_win.cc(43)] FindFirstFile: t参тぃ飓w焊舢|C (0x3)
[1215/120635.219:ERROR:directory_reader_win.cc(43)] FindFirstFile: t参тぃ飓w焊舢|C (0x3)
[1216/113824.099:ERROR:directory_reader_win.cc(43)] FindFirstFile: t参тぃ飓w焊舢|C (0x3)
